2026-01-30 16:55:24,974 | INFO | Orquestador iniciado
2026-01-30 16:55:27,082 | INFO | Iniciando alertas_arribos.py
2026-01-30 16:55:31,365 | INFO | Salida alertas_arribos.py:
Enviando alertas arribos...
2026-01-30 16:55:31,366 | INFO | Finalizado alertas_arribos.py con estado OK en 2.2s
2026-01-30 16:55:33,466 | INFO | Iniciando alertas_balanza.py
2026-01-30 16:55:41,048 | INFO | Salida alertas_balanza.py:
Se encontraron 0 nuevas operaciones de balanza para procesar.
Empty DataFrame
Columns: [ID Pesada, Cliente, CUIT Cliente, ATA, CUIT ATA, Contenedor, Entrada, Salida, Peso Bruto, Peso Tara, Peso Neto, Peso Mercadería, Tara CNT, Descripción, Patente Chasis, Patente Semi, Chofer, Tipo Doc, DNI, Observaciones, tipo_oper, Booking, Permiso Emb., Precinto, Estado]
Index: []
No hay nuevas operaciones de balanza para procesar.
2026-01-30 16:55:41,050 | INFO | Finalizado alertas_balanza.py con estado OK en 3.3s
2026-01-30 16:55:44,093 | INFO | Iniciando alertas_expo.py
2026-01-30 16:55:48,741 | INFO | Salida alertas_expo.py:
No hay bookings finalizados para enviar alerta
2026-01-30 16:55:48,742 | INFO | Finalizado alertas_expo.py con estado OK en 2.5s
2026-01-30 16:55:51,110 | INFO | Iniciando alertas_retiros.py
2026-01-30 16:55:55,146 | INFO | Salida alertas_retiros.py:
Enviando alertas retiros...
No hay nuevas alertas de retiros para enviar
2026-01-30 16:55:55,147 | INFO | Finalizado alertas_retiros.py con estado OK en 2.0s
2026-01-30 16:55:56,948 | INFO | Iniciando alertas_remisiones_expo.py
2026-01-30 16:56:02,544 | INFO | Salida alertas_remisiones_expo.py:
Enviando alertas remisiones...
Se registró el logeo
No hay bookings finalizados para enviar alerta
2026-01-30 16:56:02,544 | INFO | Finalizado alertas_remisiones_expo.py con estado OK en 3.9s
2026-01-30 16:56:04,309 | INFO | Resumen de ejecución:
- alertas_arribos.py: OK (2.2s)
- alertas_balanza.py: OK (3.3s)
- alertas_expo.py: OK (2.5s)
- alertas_retiros.py: OK (2.0s)
- alertas_remisiones_expo.py: OK (3.9s)
2026-01-30 16:56:06,227 | INFO | Orquestador finalizado OK
