2026-01-30 16:15:25,291 | INFO | Orquestador iniciado
2026-01-30 16:15:27,297 | INFO | Iniciando alertas_arribos.py
2026-01-30 16:15:31,346 | INFO | Salida alertas_arribos.py:
Enviando alertas arribos...
2026-01-30 16:15:31,347 | INFO | Finalizado alertas_arribos.py con estado OK en 2.3s
2026-01-30 16:15:33,098 | INFO | Iniciando alertas_balanza.py
2026-01-30 16:15:38,706 | INFO | Salida alertas_balanza.py:
Se encontraron 0 nuevas operaciones de balanza para procesar.
Empty DataFrame
Columns: [ID Pesada, Cliente, CUIT Cliente, ATA, CUIT ATA, Contenedor, Entrada, Salida, Peso Bruto, Peso Tara, Peso Neto, Peso Mercadería, Tara CNT, Descripción, Patente Chasis, Patente Semi, Chofer, Tipo Doc, DNI, Observaciones, tipo_oper, Booking, Permiso Emb., Precinto, Estado]
Index: []
No hay nuevas operaciones de balanza para procesar.
2026-01-30 16:15:38,709 | INFO | Finalizado alertas_balanza.py con estado OK en 3.9s
2026-01-30 16:15:40,430 | INFO | Iniciando alertas_expo.py
2026-01-30 16:15:44,536 | INFO | Salida alertas_expo.py:
No hay bookings finalizados para enviar alerta
2026-01-30 16:15:44,536 | INFO | Finalizado alertas_expo.py con estado OK en 2.3s
2026-01-30 16:15:46,429 | INFO | Iniciando alertas_retiros.py
2026-01-30 16:15:50,364 | INFO | Salida alertas_retiros.py:
Enviando alertas retiros...
No hay nuevas alertas de retiros para enviar
2026-01-30 16:15:50,365 | INFO | Finalizado alertas_retiros.py con estado OK en 2.3s
2026-01-30 16:15:52,168 | INFO | Iniciando alertas_remisiones_expo.py
2026-01-30 16:15:57,849 | INFO | Salida alertas_remisiones_expo.py:
Enviando alertas remisiones...
Se registró el logeo
No hay bookings finalizados para enviar alerta
2026-01-30 16:15:57,850 | INFO | Finalizado alertas_remisiones_expo.py con estado OK en 3.9s
2026-01-30 16:15:59,637 | INFO | Resumen de ejecución:
- alertas_arribos.py: OK (2.3s)
- alertas_balanza.py: OK (3.9s)
- alertas_expo.py: OK (2.3s)
- alertas_retiros.py: OK (2.3s)
- alertas_remisiones_expo.py: OK (3.9s)
2026-01-30 16:16:01,339 | INFO | Orquestador finalizado OK
