2026-01-30 16:25:24,969 | INFO | Orquestador iniciado
2026-01-30 16:25:27,359 | INFO | Iniciando alertas_arribos.py
2026-01-30 16:25:31,578 | INFO | Salida alertas_arribos.py:
Enviando alertas arribos...
2026-01-30 16:25:31,578 | INFO | Finalizado alertas_arribos.py con estado OK en 2.2s
2026-01-30 16:25:33,692 | INFO | Iniciando alertas_balanza.py
2026-01-30 16:25:39,323 | INFO | Salida alertas_balanza.py:
Se encontraron 0 nuevas operaciones de balanza para procesar.
Empty DataFrame
Columns: [ID Pesada, Cliente, CUIT Cliente, ATA, CUIT ATA, Contenedor, Entrada, Salida, Peso Bruto, Peso Tara, Peso Neto, Peso Mercadería, Tara CNT, Descripción, Patente Chasis, Patente Semi, Chofer, Tipo Doc, DNI, Observaciones, tipo_oper, Booking, Permiso Emb., Precinto, Estado]
Index: []
No hay nuevas operaciones de balanza para procesar.
2026-01-30 16:25:39,325 | INFO | Finalizado alertas_balanza.py con estado OK en 3.6s
2026-01-30 16:25:41,598 | INFO | Iniciando alertas_expo.py
2026-01-30 16:25:45,990 | INFO | Salida alertas_expo.py:
No hay bookings finalizados para enviar alerta
2026-01-30 16:25:45,991 | INFO | Finalizado alertas_expo.py con estado OK en 2.4s
2026-01-30 16:25:47,994 | INFO | Iniciando alertas_retiros.py
2026-01-30 16:25:52,474 | INFO | Salida alertas_retiros.py:
Enviando alertas retiros...
No hay nuevas alertas de retiros para enviar
2026-01-30 16:25:52,475 | INFO | Finalizado alertas_retiros.py con estado OK en 2.5s
2026-01-30 16:25:54,580 | INFO | Iniciando alertas_remisiones_expo.py
2026-01-30 16:26:48,458 | INFO | Salida alertas_remisiones_expo.py:
Enviando alertas remisiones...
Se registró el logeo
Correo enviado a santiago@dassa.com.ar para cliente Termoplasticos Del S... booking 69329511
Se registró el logeo
Correo enviado a marcos@dassa.com.ar para cliente Termoplasticos Del S... booking 69329511
Se registró el logeo
Correo enviado a christian@dassa.com.ar para cliente Termoplasticos Del S... booking 69329511
Se registró el logeo
2026-01-30 16:26:48,460 | INFO | Finalizado alertas_remisiones_expo.py con estado OK en 51.9s
2026-01-30 16:26:50,563 | INFO | Resumen de ejecución:
- alertas_arribos.py: OK (2.2s)
- alertas_balanza.py: OK (3.6s)
- alertas_expo.py: OK (2.4s)
- alertas_retiros.py: OK (2.5s)
- alertas_remisiones_expo.py: OK (51.9s)
2026-01-30 16:26:52,585 | INFO | Orquestador finalizado OK
