2026-01-30 15:55:25,078 | INFO | Orquestador iniciado
2026-01-30 15:55:27,211 | INFO | Iniciando alertas_arribos.py
2026-01-30 15:55:31,240 | INFO | Salida alertas_arribos.py:
Enviando alertas arribos...
2026-01-30 15:55:31,241 | INFO | Finalizado alertas_arribos.py con estado OK en 2.0s
2026-01-30 15:55:33,082 | INFO | Iniciando alertas_balanza.py
2026-01-30 15:55:38,437 | INFO | Salida alertas_balanza.py:
Se encontraron 0 nuevas operaciones de balanza para procesar.
Empty DataFrame
Columns: [ID Pesada, Cliente, CUIT Cliente, ATA, CUIT ATA, Contenedor, Entrada, Salida, Peso Bruto, Peso Tara, Peso Neto, Peso Mercadería, Tara CNT, Descripción, Patente Chasis, Patente Semi, Chofer, Tipo Doc, DNI, Observaciones, tipo_oper, Booking, Permiso Emb., Precinto, Estado]
Index: []
No hay nuevas operaciones de balanza para procesar.
2026-01-30 15:55:38,439 | INFO | Finalizado alertas_balanza.py con estado OK en 3.4s
2026-01-30 15:55:40,495 | INFO | Iniciando alertas_expo.py
2026-01-30 15:55:44,612 | INFO | Salida alertas_expo.py:
No hay bookings finalizados para enviar alerta
2026-01-30 15:55:44,614 | INFO | Finalizado alertas_expo.py con estado OK en 2.2s
2026-01-30 15:55:46,568 | INFO | Iniciando alertas_retiros.py
2026-01-30 15:55:50,622 | INFO | Salida alertas_retiros.py:
Enviando alertas retiros...
No hay nuevas alertas de retiros para enviar
2026-01-30 15:55:50,622 | INFO | Finalizado alertas_retiros.py con estado OK en 2.2s
2026-01-30 15:55:52,540 | INFO | Iniciando alertas_remisiones_expo.py
2026-01-30 15:55:58,565 | INFO | Salida alertas_remisiones_expo.py:
Enviando alertas remisiones...
Se registró el logeo
No hay bookings finalizados para enviar alerta
2026-01-30 15:55:58,566 | INFO | Finalizado alertas_remisiones_expo.py con estado OK en 4.1s
2026-01-30 15:56:00,392 | INFO | Resumen de ejecución:
- alertas_arribos.py: OK (2.0s)
- alertas_balanza.py: OK (3.4s)
- alertas_expo.py: OK (2.2s)
- alertas_retiros.py: OK (2.2s)
- alertas_remisiones_expo.py: OK (4.1s)
2026-01-30 15:56:02,228 | INFO | Orquestador finalizado OK
