2026-01-30 18:25:25,157 | INFO | Orquestador iniciado
2026-01-30 18:25:27,150 | INFO | Iniciando alertas_arribos.py
2026-01-30 18:25:31,496 | INFO | Salida alertas_arribos.py:
Enviando alertas arribos...
2026-01-30 18:25:31,497 | INFO | Finalizado alertas_arribos.py con estado OK en 2.1s
2026-01-30 18:25:33,552 | INFO | Iniciando alertas_balanza.py
2026-01-30 18:25:38,638 | INFO | Salida alertas_balanza.py:
Se encontraron 0 nuevas operaciones de balanza para procesar.
Empty DataFrame
Columns: [ID Pesada, Cliente, CUIT Cliente, ATA, CUIT ATA, Contenedor, Entrada, Salida, Peso Bruto, Peso Tara, Peso Neto, Peso Mercadería, Tara CNT, Descripción, Patente Chasis, Patente Semi, Chofer, Tipo Doc, DNI, Observaciones, tipo_oper, Booking, Permiso Emb., Precinto, Estado]
Index: []
No hay nuevas operaciones de balanza para procesar.
2026-01-30 18:25:38,640 | INFO | Finalizado alertas_balanza.py con estado OK en 3.2s
2026-01-30 18:25:40,854 | INFO | Iniciando alertas_expo.py
2026-01-30 18:25:45,413 | INFO | Salida alertas_expo.py:
No hay bookings finalizados para enviar alerta
2026-01-30 18:25:45,414 | INFO | Finalizado alertas_expo.py con estado OK en 2.2s
2026-01-30 18:25:47,433 | INFO | Iniciando alertas_retiros.py
2026-01-30 18:25:51,719 | INFO | Salida alertas_retiros.py:
Enviando alertas retiros...
No hay nuevas alertas de retiros para enviar
2026-01-30 18:25:51,720 | INFO | Finalizado alertas_retiros.py con estado OK en 2.3s
2026-01-30 18:25:53,628 | INFO | Iniciando alertas_remisiones_expo.py
2026-01-30 18:25:59,611 | INFO | Salida alertas_remisiones_expo.py:
Enviando alertas remisiones...
Se registró el logeo
No hay bookings finalizados para enviar alerta
2026-01-30 18:25:59,612 | INFO | Finalizado alertas_remisiones_expo.py con estado OK en 4.1s
2026-01-30 18:26:01,678 | INFO | Resumen de ejecución:
- alertas_arribos.py: OK (2.1s)
- alertas_balanza.py: OK (3.2s)
- alertas_expo.py: OK (2.2s)
- alertas_retiros.py: OK (2.3s)
- alertas_remisiones_expo.py: OK (4.1s)
2026-01-30 18:26:03,847 | INFO | Orquestador finalizado OK
