2026-01-30 16:45:25,224 | INFO | Orquestador iniciado
2026-01-30 16:45:27,203 | INFO | Iniciando alertas_arribos.py
2026-01-30 16:45:31,591 | INFO | Salida alertas_arribos.py:
Enviando alertas arribos...
2026-01-30 16:45:31,592 | INFO | Finalizado alertas_arribos.py con estado OK en 2.4s
2026-01-30 16:45:33,396 | INFO | Iniciando alertas_balanza.py
2026-01-30 16:45:40,605 | INFO | Salida alertas_balanza.py:
Se encontraron 0 nuevas operaciones de balanza para procesar.
Empty DataFrame
Columns: [ID Pesada, Cliente, CUIT Cliente, ATA, CUIT ATA, Contenedor, Entrada, Salida, Peso Bruto, Peso Tara, Peso Neto, Peso Mercadería, Tara CNT, Descripción, Patente Chasis, Patente Semi, Chofer, Tipo Doc, DNI, Observaciones, tipo_oper, Booking, Permiso Emb., Precinto, Estado]
Index: []
No hay nuevas operaciones de balanza para procesar.
2026-01-30 16:45:40,608 | INFO | Finalizado alertas_balanza.py con estado OK en 3.8s
2026-01-30 16:45:42,324 | INFO | Iniciando alertas_expo.py
2026-01-30 16:45:48,283 | INFO | Salida alertas_expo.py:
No hay bookings finalizados para enviar alerta
2026-01-30 16:45:48,284 | INFO | Finalizado alertas_expo.py con estado OK en 2.3s
2026-01-30 16:45:50,283 | INFO | Iniciando alertas_retiros.py
2026-01-30 16:45:57,506 | INFO | Salida alertas_retiros.py:
Enviando alertas retiros...
No hay nuevas alertas de retiros para enviar
2026-01-30 16:45:57,507 | INFO | Finalizado alertas_retiros.py con estado OK en 2.5s
2026-01-30 16:45:59,364 | INFO | Iniciando alertas_remisiones_expo.py
2026-01-30 16:48:35,077 | INFO | Salida alertas_remisiones_expo.py:
Enviando alertas remisiones...
Se registró el logeo
Correo enviado a santiago@dassa.com.ar para cliente Lawter Argentina S.A... booking 265826369
Se registró el logeo
Correo enviado a marcos@dassa.com.ar para cliente Lawter Argentina S.A... booking 265826369
Se registró el logeo
Correo enviado a christian@dassa.com.ar para cliente Lawter Argentina S.A... booking 265826369
Se registró el logeo
Correo enviado a santiago@dassa.com.ar para cliente Lift Van Int. Co S.A booking 94247376
Se registró el logeo
Correo enviado a marcos@dassa.com.ar para cliente Lift Van Int. Co S.A booking 94247376
Se registró el logeo
Correo enviado a christian@dassa.com.ar para cliente Lift Van Int. Co S.A booking 94247376
Se registró el logeo
Correo enviado a manuel@dassa.com.ar para cliente Lift Van Int. Co S.A booking 94247376
Se registró el logeo
Correo enviado a santiago@dassa.com.ar para cliente Lift Van Int. Co S.A booking 34041022
Se registró el logeo
Correo enviado a marcos@dassa.com.ar para cliente Lift Van Int. Co S.A booking 34041022
Se registró el logeo
Correo enviado a christian@dassa.com.ar para cliente Lift Van Int. Co S.A booking 34041022
Se registró el logeo
Correo enviado a manuel@dassa.com.ar para cliente Lift Van Int. Co S.A booking 34041022
Se registró el logeo
2026-01-30 16:48:35,078 | INFO | Finalizado alertas_remisiones_expo.py con estado OK en 154.0s
2026-01-30 16:48:36,871 | INFO | Resumen de ejecución:
- alertas_arribos.py: OK (2.4s)
- alertas_balanza.py: OK (3.8s)
- alertas_expo.py: OK (2.3s)
- alertas_retiros.py: OK (2.5s)
- alertas_remisiones_expo.py: OK (154.0s)
2026-01-30 16:48:38,606 | INFO | Orquestador finalizado OK
