2026-01-30 17:35:24,987 | INFO | Orquestador iniciado
2026-01-30 17:35:27,202 | INFO | Iniciando alertas_arribos.py
2026-01-30 17:35:31,762 | INFO | Salida alertas_arribos.py:
Enviando alertas arribos...
2026-01-30 17:35:31,763 | INFO | Finalizado alertas_arribos.py con estado OK en 2.3s
2026-01-30 17:35:33,928 | INFO | Iniciando alertas_balanza.py
2026-01-30 17:35:49,617 | INFO | Salida alertas_balanza.py:
Se encontraron 2 nuevas operaciones de balanza para procesar.
  ID Pesada                  Cliente  ...      Precinto  Estado
0     67351                Norfor Sa  ...             -  Pesado
1     67350  Planet Seguridad S.R.L.  ...  ML-CN0717482  Pesado

[2 rows x 25 columns]
Procesando alerta para ID Pesada: 67351, Cliente: Norfor Sa
Email enviado exitosamente para ID Pesada: 67351
Guardando nuevo registro de alerta para ID Pesada: 67351
Procesando alerta para ID Pesada: 67350, Cliente: Planet Seguridad S.R.L.
Email enviado exitosamente para ID Pesada: 67350
Guardando nuevo registro de alerta para ID Pesada: 67350
2026-01-30 17:35:49,620 | INFO | Finalizado alertas_balanza.py con estado OK en 13.3s
2026-01-30 17:35:51,820 | INFO | Iniciando alertas_expo.py
2026-01-30 17:35:56,364 | INFO | Salida alertas_expo.py:
No hay bookings finalizados para enviar alerta
2026-01-30 17:35:56,364 | INFO | Finalizado alertas_expo.py con estado OK en 2.2s
2026-01-30 17:35:58,510 | INFO | Iniciando alertas_retiros.py
2026-01-30 17:36:03,370 | INFO | Salida alertas_retiros.py:
Enviando alertas retiros...
No hay nuevas alertas de retiros para enviar
2026-01-30 17:36:03,371 | INFO | Finalizado alertas_retiros.py con estado OK en 2.4s
2026-01-30 17:36:05,862 | INFO | Iniciando alertas_remisiones_expo.py
2026-01-30 17:36:13,341 | INFO | Salida alertas_remisiones_expo.py:
Enviando alertas remisiones...
Se registró el logeo
No hay bookings finalizados para enviar alerta
2026-01-30 17:36:13,341 | INFO | Finalizado alertas_remisiones_expo.py con estado OK en 5.0s
2026-01-30 17:36:15,764 | INFO | Resumen de ejecución:
- alertas_arribos.py: OK (2.3s)
- alertas_balanza.py: OK (13.3s)
- alertas_expo.py: OK (2.2s)
- alertas_retiros.py: OK (2.4s)
- alertas_remisiones_expo.py: OK (5.0s)
2026-01-30 17:36:18,208 | INFO | Orquestador finalizado OK
