2026-01-30 15:21:47,965 | INFO | Orquestador iniciado
2026-01-30 15:21:49,821 | INFO | Iniciando alertas_arribos.py
2026-01-30 15:21:54,400 | INFO | Salida alertas_arribos.py:
Enviando alertas arribos...
2026-01-30 15:21:54,401 | INFO | Finalizado alertas_arribos.py con estado OK en 2.8s
2026-01-30 15:21:56,186 | INFO | Iniciando alertas_expo.py
2026-01-30 15:22:00,848 | INFO | Salida alertas_expo.py:
No hay bookings finalizados para enviar alerta
2026-01-30 15:22:00,854 | INFO | Finalizado alertas_expo.py con estado OK en 3.0s
2026-01-30 15:22:02,772 | INFO | Iniciando alertas_retiros.py
2026-01-30 15:22:07,784 | INFO | Salida alertas_retiros.py:
Enviando alertas retiros...
No hay nuevas alertas de retiros para enviar
2026-01-30 15:22:07,786 | INFO | Finalizado alertas_retiros.py con estado OK en 3.3s
2026-01-30 15:22:09,562 | INFO | Iniciando alertas_remisiones_expo.py
2026-01-30 15:22:15,952 | INFO | Salida alertas_remisiones_expo.py:
Enviando alertas remisiones...
Se registró el logeo
No hay bookings finalizados para enviar alerta
2026-01-30 15:22:15,953 | INFO | Finalizado alertas_remisiones_expo.py con estado OK en 4.6s
2026-01-30 15:22:17,687 | INFO | Resumen de ejecución:
- alertas_arribos.py: OK (2.8s)
- alertas_expo.py: OK (3.0s)
- alertas_retiros.py: OK (3.3s)
- alertas_remisiones_expo.py: OK (4.6s)
2026-01-30 15:22:19,432 | INFO | Orquestador finalizado OK
