2026-01-30 18:35:25,104 | INFO | Orquestador iniciado
2026-01-30 18:35:27,117 | INFO | Iniciando alertas_arribos.py
2026-01-30 18:35:31,603 | INFO | Salida alertas_arribos.py:
Enviando alertas arribos...
2026-01-30 18:35:31,604 | INFO | Finalizado alertas_arribos.py con estado OK en 2.5s
2026-01-30 18:35:33,553 | INFO | Iniciando alertas_balanza.py
2026-01-30 18:35:43,578 | INFO | Salida alertas_balanza.py:
Se encontraron 1 nuevas operaciones de balanza para procesar.
  ID Pesada        Cliente   CUIT Cliente  ... Permiso Emb.   Precinto  Estado
0     67356  Vc Textil Srl  30-71740026-3  ...               CN6081045  Pesado

[1 rows x 25 columns]
Procesando alerta para ID Pesada: 67356, Cliente: Vc Textil Srl
Email enviado exitosamente para ID Pesada: 67356
Guardando nuevo registro de alerta para ID Pesada: 67356
2026-01-30 18:35:43,580 | INFO | Finalizado alertas_balanza.py con estado OK en 8.1s
2026-01-30 18:35:45,517 | INFO | Iniciando alertas_expo.py
2026-01-30 18:35:49,914 | INFO | Salida alertas_expo.py:
No hay bookings finalizados para enviar alerta
2026-01-30 18:35:49,915 | INFO | Finalizado alertas_expo.py con estado OK en 2.5s
2026-01-30 18:35:51,751 | INFO | Iniciando alertas_retiros.py
2026-01-30 18:35:56,143 | INFO | Salida alertas_retiros.py:
Enviando alertas retiros...
No hay nuevas alertas de retiros para enviar
2026-01-30 18:35:56,144 | INFO | Finalizado alertas_retiros.py con estado OK en 2.4s
2026-01-30 18:35:58,110 | INFO | Iniciando alertas_remisiones_expo.py
2026-01-30 18:36:04,359 | INFO | Salida alertas_remisiones_expo.py:
Enviando alertas remisiones...
Se registró el logeo
No hay bookings finalizados para enviar alerta
2026-01-30 18:36:04,361 | INFO | Finalizado alertas_remisiones_expo.py con estado OK en 4.2s
2026-01-30 18:36:06,312 | INFO | Resumen de ejecución:
- alertas_arribos.py: OK (2.5s)
- alertas_balanza.py: OK (8.1s)
- alertas_expo.py: OK (2.5s)
- alertas_retiros.py: OK (2.4s)
- alertas_remisiones_expo.py: OK (4.2s)
2026-01-30 18:36:08,222 | INFO | Orquestador finalizado OK
