2026-01-30 15:45:25,046 | INFO | Orquestador iniciado
2026-01-30 15:45:27,089 | INFO | Iniciando alertas_arribos.py
2026-01-30 15:45:31,099 | INFO | Salida alertas_arribos.py:
Enviando alertas arribos...
2026-01-30 15:45:31,101 | INFO | Finalizado alertas_arribos.py con estado OK en 2.2s
2026-01-30 15:45:32,850 | INFO | Iniciando alertas_balanza.py
2026-01-30 15:45:38,470 | INFO | Salida alertas_balanza.py:
Se encontraron 0 nuevas operaciones de balanza para procesar.
Empty DataFrame
Columns: [ID Pesada, Cliente, CUIT Cliente, ATA, CUIT ATA, Contenedor, Entrada, Salida, Peso Bruto, Peso Tara, Peso Neto, Peso Mercadería, Tara CNT, Descripción, Patente Chasis, Patente Semi, Chofer, Tipo Doc, DNI, Observaciones, tipo_oper, Booking, Permiso Emb., Precinto, Estado]
Index: []
No hay nuevas operaciones de balanza para procesar.
2026-01-30 15:45:38,471 | INFO | Finalizado alertas_balanza.py con estado OK en 3.9s
2026-01-30 15:45:40,213 | INFO | Iniciando alertas_expo.py
2026-01-30 15:45:44,280 | INFO | Salida alertas_expo.py:
No hay bookings finalizados para enviar alerta
2026-01-30 15:45:44,281 | INFO | Finalizado alertas_expo.py con estado OK en 2.2s
2026-01-30 15:45:45,959 | INFO | Iniciando alertas_retiros.py
2026-01-30 15:45:49,901 | INFO | Salida alertas_retiros.py:
Enviando alertas retiros...
No hay nuevas alertas de retiros para enviar
2026-01-30 15:45:49,901 | INFO | Finalizado alertas_retiros.py con estado OK en 2.3s
2026-01-30 15:45:51,629 | INFO | Iniciando alertas_remisiones_expo.py
2026-01-30 15:45:57,903 | INFO | Salida alertas_remisiones_expo.py:
Enviando alertas remisiones...
Se registró el logeo
No hay bookings finalizados para enviar alerta
2026-01-30 15:45:57,903 | INFO | Finalizado alertas_remisiones_expo.py con estado OK en 4.6s
2026-01-30 15:45:59,590 | INFO | Resumen de ejecución:
- alertas_arribos.py: OK (2.2s)
- alertas_balanza.py: OK (3.9s)
- alertas_expo.py: OK (2.2s)
- alertas_retiros.py: OK (2.3s)
- alertas_remisiones_expo.py: OK (4.6s)
2026-01-30 15:46:01,278 | INFO | Orquestador finalizado OK
