2026-01-30 18:45:24,876 | INFO | Orquestador iniciado
2026-01-30 18:45:26,893 | INFO | Iniciando alertas_arribos.py
2026-01-30 18:45:30,816 | INFO | Salida alertas_arribos.py:
Enviando alertas arribos...
2026-01-30 18:45:30,817 | INFO | Finalizado alertas_arribos.py con estado OK en 2.1s
2026-01-30 18:45:32,661 | INFO | Iniciando alertas_balanza.py
2026-01-30 18:45:37,774 | INFO | Salida alertas_balanza.py:
Se encontraron 0 nuevas operaciones de balanza para procesar.
Empty DataFrame
Columns: [ID Pesada, Cliente, CUIT Cliente, ATA, CUIT ATA, Contenedor, Entrada, Salida, Peso Bruto, Peso Tara, Peso Neto, Peso Mercadería, Tara CNT, Descripción, Patente Chasis, Patente Semi, Chofer, Tipo Doc, DNI, Observaciones, tipo_oper, Booking, Permiso Emb., Precinto, Estado]
Index: []
No hay nuevas operaciones de balanza para procesar.
2026-01-30 18:45:37,777 | INFO | Finalizado alertas_balanza.py con estado OK en 3.3s
2026-01-30 18:45:39,668 | INFO | Iniciando alertas_expo.py
2026-01-30 18:45:43,510 | INFO | Salida alertas_expo.py:
No hay bookings finalizados para enviar alerta
2026-01-30 18:45:43,510 | INFO | Finalizado alertas_expo.py con estado OK en 2.0s
2026-01-30 18:45:45,399 | INFO | Iniciando alertas_retiros.py
2026-01-30 18:45:49,306 | INFO | Salida alertas_retiros.py:
Enviando alertas retiros...
No hay nuevas alertas de retiros para enviar
2026-01-30 18:45:49,306 | INFO | Finalizado alertas_retiros.py con estado OK en 2.1s
2026-01-30 18:45:51,105 | INFO | Iniciando alertas_remisiones_expo.py
2026-01-30 18:45:57,311 | INFO | Salida alertas_remisiones_expo.py:
Enviando alertas remisiones...
Se registró el logeo
No hay bookings finalizados para enviar alerta
2026-01-30 18:45:57,312 | INFO | Finalizado alertas_remisiones_expo.py con estado OK en 4.2s
2026-01-30 18:45:59,451 | INFO | Resumen de ejecución:
- alertas_arribos.py: OK (2.1s)
- alertas_balanza.py: OK (3.3s)
- alertas_expo.py: OK (2.0s)
- alertas_retiros.py: OK (2.1s)
- alertas_remisiones_expo.py: OK (4.2s)
2026-01-30 18:46:01,227 | INFO | Orquestador finalizado OK
