2026-01-30 18:15:25,259 | INFO | Orquestador iniciado
2026-01-30 18:15:27,859 | INFO | Iniciando alertas_arribos.py
2026-01-30 18:15:32,288 | INFO | Salida alertas_arribos.py:
Enviando alertas arribos...
2026-01-30 18:15:32,289 | INFO | Finalizado alertas_arribos.py con estado OK en 2.3s
2026-01-30 18:15:34,590 | INFO | Iniciando alertas_balanza.py
2026-01-30 18:15:40,137 | INFO | Salida alertas_balanza.py:
Se encontraron 0 nuevas operaciones de balanza para procesar.
Empty DataFrame
Columns: [ID Pesada, Cliente, CUIT Cliente, ATA, CUIT ATA, Contenedor, Entrada, Salida, Peso Bruto, Peso Tara, Peso Neto, Peso Mercadería, Tara CNT, Descripción, Patente Chasis, Patente Semi, Chofer, Tipo Doc, DNI, Observaciones, tipo_oper, Booking, Permiso Emb., Precinto, Estado]
Index: []
No hay nuevas operaciones de balanza para procesar.
2026-01-30 18:15:40,139 | INFO | Finalizado alertas_balanza.py con estado OK en 3.1s
2026-01-30 18:15:42,362 | INFO | Iniciando alertas_expo.py
2026-01-30 18:16:30,681 | INFO | Salida alertas_expo.py:
Enviado alertas EXPO para Booking EBKG15526219 - Cliente MARINGA MADERAS SA
2026-01-30 18:16:30,682 | INFO | Finalizado alertas_expo.py con estado OK en 46.3s
2026-01-30 18:16:33,502 | INFO | Iniciando alertas_retiros.py
2026-01-30 18:16:38,341 | INFO | Salida alertas_retiros.py:
Enviando alertas retiros...
No hay nuevas alertas de retiros para enviar
2026-01-30 18:16:38,343 | INFO | Finalizado alertas_retiros.py con estado OK en 2.1s
2026-01-30 18:16:40,408 | INFO | Iniciando alertas_remisiones_expo.py
2026-01-30 18:16:46,980 | INFO | Salida alertas_remisiones_expo.py:
Enviando alertas remisiones...
Se registró el logeo
No hay bookings finalizados para enviar alerta
2026-01-30 18:16:46,981 | INFO | Finalizado alertas_remisiones_expo.py con estado OK en 4.5s
2026-01-30 18:16:49,170 | INFO | Resumen de ejecución:
- alertas_arribos.py: OK (2.3s)
- alertas_balanza.py: OK (3.1s)
- alertas_expo.py: OK (46.3s)
- alertas_retiros.py: OK (2.1s)
- alertas_remisiones_expo.py: OK (4.5s)
2026-01-30 18:16:51,158 | INFO | Orquestador finalizado OK
