2026-01-30 15:17:38,865 | INFO | Orquestador iniciado
2026-01-30 15:17:40,880 | INFO | Iniciando alertas_arribos.py
2026-01-30 15:17:45,054 | INFO | Salida alertas_arribos.py:
Enviando alertas arribos...
2026-01-30 15:17:45,055 | INFO | Finalizado alertas_arribos.py con estado OK en 2.5s
2026-01-30 15:17:46,840 | INFO | Iniciando alertas_balanza.py
2026-01-30 15:17:52,615 | ERROR | Error alertas_balanza.py:
Traceback (most recent call last):
  File "\\dc01\Usuarios\PowerBI\flastra\Documents\dassa_operativo_stream\alertas_balanza.py", line 63, in <module>
    print(f"\U0001f50d Se encontraron {len(balanza)} nuevas operaciones de balanza para procesar.")
  File "C:\Users\flastra\AppData\Local\anaconda3\Lib\encodings\cp1252.py", line 19, in encode
    return codecs.charmap_encode(input,self.errors,encoding_table)[0]
           ^^^^^^^^^^^^^^^^^^^^^^^^^^^^^^^^^^^^^^^^^^^^^^^^^^^^^^^
UnicodeEncodeError: 'charmap' codec can't encode character '\U0001f50d' in position 0: character maps to <undefined>
2026-01-30 15:17:52,618 | INFO | Finalizado alertas_balanza.py con estado ERROR en 4.1s
2026-01-30 15:17:54,415 | INFO | Iniciando alertas_expo.py
2026-01-30 15:17:58,777 | INFO | Salida alertas_expo.py:
No hay bookings finalizados para enviar alerta
2026-01-30 15:17:58,778 | INFO | Finalizado alertas_expo.py con estado OK en 2.6s
2026-01-30 15:18:00,497 | INFO | Iniciando alertas_retiros.py
2026-01-30 15:18:21,500 | INFO | Salida alertas_retiros.py:
Enviando alertas retiros...
Por enviar alerta de retiro para el contenedor: EMCU-183911-5 con BL: nan de las 14:17
Correo enviado a rschapira@asanmartin.com para el contenedor EMCU-183911-5
Correo enviado a cgerosa@asanmartin.com para el contenedor EMCU-183911-5
Correo enviado a atraba@asanmartin.com para el contenedor EMCU-183911-5
Correo enviado a alexis@dassa.com.ar para el contenedor EMCU-183911-5
Correo enviado a facturacion@dassa.com.ar para el contenedor EMCU-183911-5
2026-01-30 15:18:21,501 | ERROR | Error alertas_retiros.py:
\\dc01\Usuarios\PowerBI\flastra\Documents\dassa_operativo_stream\alertas_retiros.py:29: SettingWithCopyWarning: 
A value is trying to be set on a copy of a slice from a DataFrame.
Try using .loc[row_indexer,col_indexer] = value instead

See the caveats in the documentation: https://pandas.pydata.org/pandas-docs/stable/user_guide/indexing.html#returning-a-view-versus-a-copy
  alertas_retiros['hora'] = alertas_retiros['Estado'].str.extract(r'(\d{2}:\d{2})')
\\dc01\Usuarios\PowerBI\flastra\Documents\dassa_operativo_stream\alertas_retiros.py:151: SettingWithCopyWarning: 
A value is trying to be set on a copy of a slice from a DataFrame

See the caveats in the documentation: https://pandas.pydata.org/pandas-docs/stable/user_guide/indexing.html#returning-a-view-versus-a-copy
  row['alerta_enviada'] = 1
2026-01-30 15:18:21,502 | INFO | Finalizado alertas_retiros.py con estado OK en 19.3s
2026-01-30 15:18:23,278 | INFO | Iniciando alertas_remisiones_expo.py
2026-01-30 15:18:29,239 | INFO | Salida alertas_remisiones_expo.py:
Enviando alertas remisiones...
Se registró el logeo
No hay bookings finalizados para enviar alerta
2026-01-30 15:18:29,240 | INFO | Finalizado alertas_remisiones_expo.py con estado OK en 4.2s
2026-01-30 15:18:31,086 | INFO | Resumen de ejecución:
- alertas_arribos.py: OK (2.5s)
- alertas_balanza.py: ERROR (4.1s)
- alertas_expo.py: OK (2.6s)
- alertas_retiros.py: OK (19.3s)
- alertas_remisiones_expo.py: OK (4.2s)

Errores:
- alertas_balanza.py (code 1)
  Traceback (most recent call last):
  File "\\dc01\Usuarios\PowerBI\flastra\Documents\dassa_operativo_stream\alertas_balanza.py", line 63, in <module>
    print(f"\U0001f50d Se encontraron {len(balanza)} nuevas operaciones de balanza para procesar.")
  File "C:\Users\flastra\AppData\Local\anaconda3\Lib\encodings\cp1252.py", line 19, in encode
    return codecs.charmap_encode(input,self.errors,encoding_table)[0]
           ^^^^^^^^^^^^^^^^^^^^^^^^^^^^^^^^^^^^^^^^^^^^^^^^^^^^^^^
UnicodeEncodeError: 'charmap' codec can't encode character '\U0001f50d' in position 0: character maps to <undefined>
2026-01-30 15:18:31,088 | INFO | Alertas por email no configuradas. Defina ALERT_EMAIL_USER, ALERT_EMAIL_PASSWORD y ALERT_EMAIL_TO.
2026-01-30 15:18:32,521 | WARNING | No se pudo registrar log en Google Sheets
