2026-01-30 15:35:25,286 | INFO | Orquestador iniciado
2026-01-30 15:35:27,112 | INFO | Iniciando alertas_arribos.py
2026-01-30 15:35:31,274 | INFO | Salida alertas_arribos.py:
Enviando alertas arribos...
2026-01-30 15:35:31,275 | INFO | Finalizado alertas_arribos.py con estado OK en 2.4s
2026-01-30 15:35:33,219 | INFO | Iniciando alertas_balanza.py
2026-01-30 15:35:38,545 | INFO | Salida alertas_balanza.py:
Se encontraron 0 nuevas operaciones de balanza para procesar.
Empty DataFrame
Columns: [ID Pesada, Cliente, CUIT Cliente, ATA, CUIT ATA, Contenedor, Entrada, Salida, Peso Bruto, Peso Tara, Peso Neto, Peso Mercadería, Tara CNT, Descripción, Patente Chasis, Patente Semi, Chofer, Tipo Doc, DNI, Observaciones, tipo_oper, Booking, Permiso Emb., Precinto, Estado]
Index: []
No hay nuevas operaciones de balanza para procesar.
2026-01-30 15:35:38,547 | INFO | Finalizado alertas_balanza.py con estado OK en 3.5s
2026-01-30 15:35:40,476 | INFO | Iniciando alertas_expo.py
2026-01-30 15:35:44,547 | INFO | Salida alertas_expo.py:
No hay bookings finalizados para enviar alerta
2026-01-30 15:35:44,548 | INFO | Finalizado alertas_expo.py con estado OK en 2.3s
2026-01-30 15:35:46,569 | INFO | Iniciando alertas_retiros.py
2026-01-30 15:35:50,521 | INFO | Salida alertas_retiros.py:
Enviando alertas retiros...
No hay nuevas alertas de retiros para enviar
2026-01-30 15:35:50,522 | INFO | Finalizado alertas_retiros.py con estado OK en 2.2s
2026-01-30 15:35:52,596 | INFO | Iniciando alertas_remisiones_expo.py
2026-01-30 15:35:58,428 | INFO | Salida alertas_remisiones_expo.py:
Enviando alertas remisiones...
Se registró el logeo
No hay bookings finalizados para enviar alerta
2026-01-30 15:35:58,430 | INFO | Finalizado alertas_remisiones_expo.py con estado OK en 4.1s
2026-01-30 15:36:00,203 | INFO | Resumen de ejecución:
- alertas_arribos.py: OK (2.4s)
- alertas_balanza.py: OK (3.5s)
- alertas_expo.py: OK (2.3s)
- alertas_retiros.py: OK (2.2s)
- alertas_remisiones_expo.py: OK (4.1s)
2026-01-30 15:36:01,962 | INFO | Orquestador finalizado OK
