2026-01-30 15:29:08,476 | INFO | Orquestador iniciado
2026-01-30 15:29:10,318 | INFO | Iniciando alertas_arribos.py
2026-01-30 15:29:16,152 | INFO | Salida alertas_arribos.py:
Enviando alertas arribos...
2026-01-30 15:29:16,152 | INFO | Finalizado alertas_arribos.py con estado OK en 4.2s
2026-01-30 15:29:17,975 | INFO | Iniciando alertas_balanza.py
2026-01-30 15:29:23,983 | INFO | Salida alertas_balanza.py:
Se encontraron 0 nuevas operaciones de balanza para procesar.
Empty DataFrame
Columns: [ID Pesada, Cliente, CUIT Cliente, ATA, CUIT ATA, Contenedor, Entrada, Salida, Peso Bruto, Peso Tara, Peso Neto, Peso Mercadería, Tara CNT, Descripción, Patente Chasis, Patente Semi, Chofer, Tipo Doc, DNI, Observaciones, tipo_oper, Booking, Permiso Emb., Precinto, Estado]
Index: []
No hay nuevas operaciones de balanza para procesar.
2026-01-30 15:29:23,986 | INFO | Finalizado alertas_balanza.py con estado OK en 4.2s
2026-01-30 15:29:25,817 | INFO | Iniciando alertas_expo.py
2026-01-30 15:29:31,471 | INFO | Salida alertas_expo.py:
No hay bookings finalizados para enviar alerta
2026-01-30 15:29:31,473 | INFO | Finalizado alertas_expo.py con estado OK en 3.7s
2026-01-30 15:29:33,202 | INFO | Iniciando alertas_retiros.py
2026-01-30 15:29:37,441 | INFO | Salida alertas_retiros.py:
Enviando alertas retiros...
No hay nuevas alertas de retiros para enviar
2026-01-30 15:29:37,442 | INFO | Finalizado alertas_retiros.py con estado OK en 2.4s
2026-01-30 15:29:39,192 | INFO | Iniciando alertas_remisiones_expo.py
2026-01-30 15:29:45,108 | INFO | Salida alertas_remisiones_expo.py:
Enviando alertas remisiones...
Se registró el logeo
No hay bookings finalizados para enviar alerta
2026-01-30 15:29:45,110 | INFO | Finalizado alertas_remisiones_expo.py con estado OK en 4.2s
2026-01-30 15:29:46,961 | INFO | Resumen de ejecución:
- alertas_arribos.py: OK (4.2s)
- alertas_balanza.py: OK (4.2s)
- alertas_expo.py: OK (3.7s)
- alertas_retiros.py: OK (2.4s)
- alertas_remisiones_expo.py: OK (4.2s)
2026-01-30 15:29:48,674 | INFO | Orquestador finalizado OK
