2026-01-30 17:45:24,999 | INFO | Orquestador iniciado
2026-01-30 17:45:26,963 | INFO | Iniciando alertas_arribos.py
2026-01-30 17:45:45,577 | INFO | Salida alertas_arribos.py:
Enviando alertas arribos...
Error al enviar correo a bflavia@bescucci-asociados.com para el contenedor CAAU-296664-6: (550, b'5.7.1 This message is not RFC 5322 compliant. There are multiple To headers.\n5.7.1 To reduce the amount of spam sent to Gmail, this message has been\n5.7.1 blocked. For more information, go to\n5.7.1  https://support.google.com/mail/?p=RfcMessageNonCompliant and review\n5.7.1 RFC 5322 specifications. a92af1059eb24-124a9d7f95asm11367679c88.7 - gsmtp')
Error al enviar correo a manuel@dassa.com.ar para el contenedor CAAU-296664-6: (550, b'5.7.1 This message is not RFC 5322 compliant. There are multiple To headers.\n5.7.1 To reduce the amount of spam sent to Gmail, this message has been\n5.7.1 blocked. For more information, go to\n5.7.1  https://support.google.com/mail/?p=RfcMessageNonCompliant and review\n5.7.1 RFC 5322 specifications. 5a478bee46e88-2b7a16cfa25sm12640794eec.5 - gsmtp')
Error al enviar correo a facturacion@dassa.com.ar para el contenedor CAAU-296664-6: (550, b'5.7.1 This message is not RFC 5322 compliant. There are multiple To headers.\n5.7.1 To reduce the amount of spam sent to Gmail, this message has been\n5.7.1 blocked. For more information, go to\n5.7.1  https://support.google.com/mail/?p=RfcMessageNonCompliant and review\n5.7.1 RFC 5322 specifications. a92af1059eb24-124a9d7f95asm11368019c88.7 - gsmtp')
Error al enviar correo a franciscou@dassa.com.ar para el contenedor CAAU-296664-6: (550, b'5.7.1 This message is not RFC 5322 compliant. There are multiple To headers.\n5.7.1 To reduce the amount of spam sent to Gmail, this message has been\n5.7.1 blocked. For more information, go to\n5.7.1  https://support.google.com/mail/?p=RfcMessageNonCompliant and review\n5.7.1 RFC 5322 specifications. a92af1059eb24-124a9e0304bsm11785781c88.14 - gsmtp')
Error al enviar correo a  para el contenedor CAAU-296664-6: (550, b'5.7.1 This message is not RFC 5322 compliant. There are multiple To headers.\n5.7.1 To reduce the amount of spam sent to Gmail, this message has been\n5.7.1 blocked. For more information, go to\n5.7.1  https://support.google.com/mail/?p=RfcMessageNonCompliant and review\n5.7.1 RFC 5322 specifications. 5a478bee46e88-2b7a1af898asm13845635eec.33 - gsmtp')
2026-01-30 17:45:45,579 | ERROR | Error alertas_arribos.py:
\\dc01\Usuarios\PowerBI\flastra\Documents\dassa_operativo_stream\alertas_arribos.py:81: SettingWithCopyWarning: 
A value is trying to be set on a copy of a slice from a DataFrame

See the caveats in the documentation: https://pandas.pydata.org/pandas-docs/stable/user_guide/indexing.html#returning-a-view-versus-a-copy
  row['alerta_enviada'] = 1
2026-01-30 17:45:45,580 | INFO | Finalizado alertas_arribos.py con estado OK en 16.8s
2026-01-30 17:45:47,348 | INFO | Iniciando alertas_balanza.py
2026-01-30 17:45:56,878 | INFO | Salida alertas_balanza.py:
Se encontraron 1 nuevas operaciones de balanza para procesar.
  ID Pesada                  Cliente  ...      Precinto  Estado
1     67352  Planet Seguridad S.R.L.  ...  ML-CN3244429  Pesado

[1 rows x 25 columns]
Procesando alerta para ID Pesada: 67352, Cliente: Planet Seguridad S.R.L.
Email enviado exitosamente para ID Pesada: 67352
Guardando nuevo registro de alerta para ID Pesada: 67352
2026-01-30 17:45:56,879 | INFO | Finalizado alertas_balanza.py con estado OK en 7.7s
2026-01-30 17:45:59,357 | INFO | Iniciando alertas_expo.py
2026-01-30 17:46:03,344 | INFO | Salida alertas_expo.py:
No hay bookings finalizados para enviar alerta
2026-01-30 17:46:03,346 | INFO | Finalizado alertas_expo.py con estado OK en 2.1s
2026-01-30 17:46:06,155 | INFO | Iniciando alertas_retiros.py
2026-01-30 17:46:10,224 | INFO | Salida alertas_retiros.py:
Enviando alertas retiros...
No hay nuevas alertas de retiros para enviar
2026-01-30 17:46:10,225 | INFO | Finalizado alertas_retiros.py con estado OK en 2.2s
2026-01-30 17:46:12,062 | INFO | Iniciando alertas_remisiones_expo.py
2026-01-30 17:46:17,809 | INFO | Salida alertas_remisiones_expo.py:
Enviando alertas remisiones...
Se registró el logeo
No hay bookings finalizados para enviar alerta
2026-01-30 17:46:17,811 | INFO | Finalizado alertas_remisiones_expo.py con estado OK en 4.0s
2026-01-30 17:46:19,569 | INFO | Resumen de ejecución:
- alertas_arribos.py: OK (16.8s)
- alertas_balanza.py: OK (7.7s)
- alertas_expo.py: OK (2.1s)
- alertas_retiros.py: OK (2.2s)
- alertas_remisiones_expo.py: OK (4.0s)
2026-01-30 17:46:21,391 | INFO | Orquestador finalizado OK
