2026-01-30 17:55:24,993 | INFO | Orquestador iniciado
2026-01-30 17:55:27,564 | INFO | Iniciando alertas_arribos.py
2026-01-30 17:55:31,789 | INFO | Salida alertas_arribos.py:
Enviando alertas arribos...
2026-01-30 17:55:31,790 | INFO | Finalizado alertas_arribos.py con estado OK en 2.0s
2026-01-30 17:55:34,269 | INFO | Iniciando alertas_balanza.py
2026-01-30 17:55:39,894 | INFO | Salida alertas_balanza.py:
Se encontraron 0 nuevas operaciones de balanza para procesar.
Empty DataFrame
Columns: [ID Pesada, Cliente, CUIT Cliente, ATA, CUIT ATA, Contenedor, Entrada, Salida, Peso Bruto, Peso Tara, Peso Neto, Peso Mercadería, Tara CNT, Descripción, Patente Chasis, Patente Semi, Chofer, Tipo Doc, DNI, Observaciones, tipo_oper, Booking, Permiso Emb., Precinto, Estado]
Index: []
No hay nuevas operaciones de balanza para procesar.
2026-01-30 17:55:39,896 | INFO | Finalizado alertas_balanza.py con estado OK en 3.0s
2026-01-30 17:55:42,060 | INFO | Iniciando alertas_expo.py
2026-01-30 17:55:46,337 | INFO | Salida alertas_expo.py:
No hay bookings finalizados para enviar alerta
2026-01-30 17:55:46,337 | INFO | Finalizado alertas_expo.py con estado OK en 2.0s
2026-01-30 17:55:48,409 | INFO | Iniciando alertas_retiros.py
2026-01-30 17:55:52,701 | INFO | Salida alertas_retiros.py:
Enviando alertas retiros...
No hay nuevas alertas de retiros para enviar
2026-01-30 17:55:52,701 | INFO | Finalizado alertas_retiros.py con estado OK en 2.0s
2026-01-30 17:55:54,663 | INFO | Iniciando alertas_remisiones_expo.py
2026-01-30 17:56:01,162 | INFO | Salida alertas_remisiones_expo.py:
Enviando alertas remisiones...
Se registró el logeo
No hay bookings finalizados para enviar alerta
2026-01-30 17:56:01,163 | INFO | Finalizado alertas_remisiones_expo.py con estado OK en 4.4s
2026-01-30 17:56:03,573 | INFO | Resumen de ejecución:
- alertas_arribos.py: OK (2.0s)
- alertas_balanza.py: OK (3.0s)
- alertas_expo.py: OK (2.0s)
- alertas_retiros.py: OK (2.0s)
- alertas_remisiones_expo.py: OK (4.4s)
2026-01-30 17:56:05,613 | INFO | Orquestador finalizado OK
