2026-01-30 18:55:25,036 | INFO | Orquestador iniciado
2026-01-30 18:55:26,934 | INFO | Iniciando alertas_arribos.py
2026-01-30 18:55:30,900 | INFO | Salida alertas_arribos.py:
Enviando alertas arribos...
2026-01-30 18:55:30,901 | INFO | Finalizado alertas_arribos.py con estado OK en 2.1s
2026-01-30 18:55:32,866 | INFO | Iniciando alertas_balanza.py
2026-01-30 18:55:38,130 | INFO | Salida alertas_balanza.py:
Se encontraron 0 nuevas operaciones de balanza para procesar.
Empty DataFrame
Columns: [ID Pesada, Cliente, CUIT Cliente, ATA, CUIT ATA, Contenedor, Entrada, Salida, Peso Bruto, Peso Tara, Peso Neto, Peso Mercadería, Tara CNT, Descripción, Patente Chasis, Patente Semi, Chofer, Tipo Doc, DNI, Observaciones, tipo_oper, Booking, Permiso Emb., Precinto, Estado]
Index: []
No hay nuevas operaciones de balanza para procesar.
2026-01-30 18:55:38,132 | INFO | Finalizado alertas_balanza.py con estado OK en 3.5s
2026-01-30 18:55:39,958 | INFO | Iniciando alertas_expo.py
2026-01-30 18:55:43,940 | INFO | Salida alertas_expo.py:
No hay bookings finalizados para enviar alerta
2026-01-30 18:55:43,941 | INFO | Finalizado alertas_expo.py con estado OK en 2.2s
2026-01-30 18:55:45,620 | INFO | Iniciando alertas_retiros.py
2026-01-30 18:55:49,583 | INFO | Salida alertas_retiros.py:
Enviando alertas retiros...
No hay nuevas alertas de retiros para enviar
2026-01-30 18:55:49,584 | INFO | Finalizado alertas_retiros.py con estado OK en 2.2s
2026-01-30 18:55:51,314 | INFO | Iniciando alertas_remisiones_expo.py
2026-01-30 18:55:57,038 | INFO | Salida alertas_remisiones_expo.py:
Enviando alertas remisiones...
Se registró el logeo
No hay bookings finalizados para enviar alerta
2026-01-30 18:55:57,039 | INFO | Finalizado alertas_remisiones_expo.py con estado OK en 4.0s
2026-01-30 18:55:59,091 | INFO | Resumen de ejecución:
- alertas_arribos.py: OK (2.1s)
- alertas_balanza.py: OK (3.5s)
- alertas_expo.py: OK (2.2s)
- alertas_retiros.py: OK (2.2s)
- alertas_remisiones_expo.py: OK (4.0s)
2026-01-30 18:56:00,943 | INFO | Orquestador finalizado OK
