2026-01-30 16:35:25,142 | INFO | Orquestador iniciado
2026-01-30 16:35:26,981 | INFO | Iniciando alertas_arribos.py
2026-01-30 16:35:31,149 | INFO | Salida alertas_arribos.py:
Enviando alertas arribos...
2026-01-30 16:35:31,151 | INFO | Finalizado alertas_arribos.py con estado OK en 2.3s
2026-01-30 16:35:32,842 | INFO | Iniciando alertas_balanza.py
2026-01-30 16:35:38,089 | INFO | Salida alertas_balanza.py:
Se encontraron 0 nuevas operaciones de balanza para procesar.
Empty DataFrame
Columns: [ID Pesada, Cliente, CUIT Cliente, ATA, CUIT ATA, Contenedor, Entrada, Salida, Peso Bruto, Peso Tara, Peso Neto, Peso Mercadería, Tara CNT, Descripción, Patente Chasis, Patente Semi, Chofer, Tipo Doc, DNI, Observaciones, tipo_oper, Booking, Permiso Emb., Precinto, Estado]
Index: []
No hay nuevas operaciones de balanza para procesar.
2026-01-30 16:35:38,091 | INFO | Finalizado alertas_balanza.py con estado OK en 3.5s
2026-01-30 16:35:40,171 | INFO | Iniciando alertas_expo.py
2026-01-30 16:35:44,297 | INFO | Salida alertas_expo.py:
No hay bookings finalizados para enviar alerta
2026-01-30 16:35:44,297 | INFO | Finalizado alertas_expo.py con estado OK en 2.2s
2026-01-30 16:35:46,182 | INFO | Iniciando alertas_retiros.py
2026-01-30 16:35:50,762 | INFO | Salida alertas_retiros.py:
Enviando alertas retiros...
No hay nuevas alertas de retiros para enviar
2026-01-30 16:35:50,762 | INFO | Finalizado alertas_retiros.py con estado OK en 2.4s
2026-01-30 16:35:52,541 | INFO | Iniciando alertas_remisiones_expo.py
2026-01-30 16:35:58,560 | INFO | Salida alertas_remisiones_expo.py:
Enviando alertas remisiones...
Se registró el logeo
No hay bookings finalizados para enviar alerta
2026-01-30 16:35:58,561 | INFO | Finalizado alertas_remisiones_expo.py con estado OK en 4.3s
2026-01-30 16:36:00,310 | INFO | Resumen de ejecución:
- alertas_arribos.py: OK (2.3s)
- alertas_balanza.py: OK (3.5s)
- alertas_expo.py: OK (2.2s)
- alertas_retiros.py: OK (2.4s)
- alertas_remisiones_expo.py: OK (4.3s)
2026-01-30 16:36:02,048 | INFO | Orquestador finalizado OK
