2026-01-30 15:32:19,678 | INFO | Orquestador iniciado
2026-01-30 15:32:21,464 | INFO | Iniciando alertas_arribos.py
2026-01-30 15:32:26,323 | INFO | Salida alertas_arribos.py:
Enviando alertas arribos...
2026-01-30 15:32:26,324 | INFO | Finalizado alertas_arribos.py con estado OK en 3.0s
2026-01-30 15:32:28,116 | INFO | Iniciando alertas_balanza.py
2026-01-30 15:32:34,114 | INFO | Salida alertas_balanza.py:
Se encontraron 0 nuevas operaciones de balanza para procesar.
Empty DataFrame
Columns: [ID Pesada, Cliente, CUIT Cliente, ATA, CUIT ATA, Contenedor, Entrada, Salida, Peso Bruto, Peso Tara, Peso Neto, Peso Mercadería, Tara CNT, Descripción, Patente Chasis, Patente Semi, Chofer, Tipo Doc, DNI, Observaciones, tipo_oper, Booking, Permiso Emb., Precinto, Estado]
Index: []
No hay nuevas operaciones de balanza para procesar.
2026-01-30 15:32:34,116 | INFO | Finalizado alertas_balanza.py con estado OK en 4.1s
2026-01-30 15:32:35,881 | INFO | Iniciando alertas_expo.py
2026-01-30 15:32:40,266 | INFO | Salida alertas_expo.py:
No hay bookings finalizados para enviar alerta
2026-01-30 15:32:40,268 | INFO | Finalizado alertas_expo.py con estado OK en 2.7s
2026-01-30 15:32:41,967 | INFO | Iniciando alertas_retiros.py
2026-01-30 15:32:46,702 | INFO | Salida alertas_retiros.py:
Enviando alertas retiros...
No hay nuevas alertas de retiros para enviar
2026-01-30 15:32:46,703 | INFO | Finalizado alertas_retiros.py con estado OK en 2.9s
2026-01-30 15:32:48,413 | INFO | Iniciando alertas_remisiones_expo.py
2026-01-30 15:32:54,392 | INFO | Salida alertas_remisiones_expo.py:
Enviando alertas remisiones...
Se registró el logeo
No hay bookings finalizados para enviar alerta
2026-01-30 15:32:54,393 | INFO | Finalizado alertas_remisiones_expo.py con estado OK en 4.3s
2026-01-30 15:32:56,069 | INFO | Resumen de ejecución:
- alertas_arribos.py: OK (3.0s)
- alertas_balanza.py: OK (4.1s)
- alertas_expo.py: OK (2.7s)
- alertas_retiros.py: OK (2.9s)
- alertas_remisiones_expo.py: OK (4.3s)
2026-01-30 15:32:57,772 | INFO | Orquestador finalizado OK
